[0.124s] Invoking command in '/home/milan/edubot_ws/build/sam_bot_description': CMAKE_PREFIX_PATH=${CMAKE_PREFIX_PATH}:/home/milan/edubot_ws/install/edubot_nav2:/opt/ros/jazzy DEBUGINFOD_URLS=https://debuginfod.ubuntu.com /usr/bin/cmake --build /home/milan/edubot_ws/build/sam_bot_description -- -j20 -l20
[0.156s] Invoked command in '/home/milan/edubot_ws/build/sam_bot_description' returned '0': CMAKE_PREFIX_PATH=${CMAKE_PREFIX_PATH}:/home/milan/edubot_ws/install/edubot_nav2:/opt/ros/jazzy DEBUGINFOD_URLS=https://debuginfod.ubuntu.com /usr/bin/cmake --build /home/milan/edubot_ws/build/sam_bot_description -- -j20 -l20
[0.163s] Invoking command in '/home/milan/edubot_ws/build/sam_bot_description': CMAKE_PREFIX_PATH=${CMAKE_PREFIX_PATH}:/home/milan/edubot_ws/install/edubot_nav2:/opt/ros/jazzy DEBUGINFOD_URLS=https://debuginfod.ubuntu.com /usr/bin/cmake --install /home/milan/edubot_ws/build/sam_bot_description
[0.168s] -- Install configuration: ""
[0.168s] -- Up-to-date: /home/milan/edubot_ws/install/sam_bot_description/share/sam_bot_description/src
[0.168s] -- Up-to-date: /home/milan/edubot_ws/install/sam_bot_description/share/sam_bot_description/src/description
[0.168s] -- Up-to-date: /home/milan/edubot_ws/install/sam_bot_description/share/sam_bot_description/src/description/sam_bot_description.urdf
[0.168s] -- Up-to-date: /home/milan/edubot_ws/install/sam_bot_description/share/sam_bot_description/src/description/sam_bot_description.sdf
[0.168s] -- Up-to-date: /home/milan/edubot_ws/install/sam_bot_description/share/sam_bot_description/launch
[0.168s] -- Up-to-date: /home/milan/edubot_ws/install/sam_bot_description/share/sam_bot_description/launch/display.launch.py
[0.168s] -- Up-to-date: /home/milan/edubot_ws/install/sam_bot_description/share/sam_bot_description/rviz
[0.168s] -- Up-to-date: /home/milan/edubot_ws/install/sam_bot_description/share/sam_bot_description/rviz/config.rviz
[0.168s] -- Up-to-date: /home/milan/edubot_ws/install/sam_bot_description/share/sam_bot_description/config
[0.169s] -- Up-to-date: /home/milan/edubot_ws/install/sam_bot_description/share/sam_bot_description/config/bridge_config.yaml
[0.169s] -- Up-to-date: /home/milan/edubot_ws/install/sam_bot_description/share/sam_bot_description/world
[0.169s] -- Up-to-date: /home/milan/edubot_ws/install/sam_bot_description/share/sam_bot_description/world/my_world.sdf
[0.169s] -- Up-to-date: /home/milan/edubot_ws/install/sam_bot_description/share/ament_index/resource_index/package_run_dependencies/sam_bot_description
[0.169s] -- Up-to-date: /home/milan/edubot_ws/install/sam_bot_description/share/ament_index/resource_index/parent_prefix_path/sam_bot_description
[0.169s] -- Up-to-date: /home/milan/edubot_ws/install/sam_bot_description/share/sam_bot_description/environment/ament_prefix_path.sh
[0.169s] -- Up-to-date: /home/milan/edubot_ws/install/sam_bot_description/share/sam_bot_description/environment/ament_prefix_path.dsv
[0.169s] -- Up-to-date: /home/milan/edubot_ws/install/sam_bot_description/share/sam_bot_description/environment/path.sh
[0.169s] -- Up-to-date: /home/milan/edubot_ws/install/sam_bot_description/share/sam_bot_description/environment/path.dsv
[0.170s] -- Up-to-date: /home/milan/edubot_ws/install/sam_bot_description/share/sam_bot_description/local_setup.bash
[0.170s] -- Up-to-date: /home/milan/edubot_ws/install/sam_bot_description/share/sam_bot_description/local_setup.sh
[0.170s] -- Up-to-date: /home/milan/edubot_ws/install/sam_bot_description/share/sam_bot_description/local_setup.zsh
[0.170s] -- Up-to-date: /home/milan/edubot_ws/install/sam_bot_description/share/sam_bot_description/local_setup.dsv
[0.170s] -- Installing: /home/milan/edubot_ws/install/sam_bot_description/share/sam_bot_description/package.dsv
[0.171s] -- Up-to-date: /home/milan/edubot_ws/install/sam_bot_description/share/ament_index/resource_index/packages/sam_bot_description
[0.171s] -- Up-to-date: /home/milan/edubot_ws/install/sam_bot_description/share/sam_bot_description/cmake/sam_bot_descriptionConfig.cmake
[0.171s] -- Up-to-date: /home/milan/edubot_ws/install/sam_bot_description/share/sam_bot_description/cmake/sam_bot_descriptionConfig-version.cmake
[0.171s] -- Up-to-date: /home/milan/edubot_ws/install/sam_bot_description/share/sam_bot_description/package.xml
[0.171s] Invoked command in '/home/milan/edubot_ws/build/sam_bot_description' returned '0': CMAKE_PREFIX_PATH=${CMAKE_PREFIX_PATH}:/home/milan/edubot_ws/install/edubot_nav2:/opt/ros/jazzy DEBUGINFOD_URLS=https://debuginfod.ubuntu.com /usr/bin/cmake --install /home/milan/edubot_ws/build/sam_bot_description
