[0.485s] Invoking command in '/home/milan/edubot_ws/src/edubot_nav2': DEBUGINFOD_URLS=https://debuginfod.ubuntu.com PYTHONPATH=/home/milan/edubot_ws/build/edubot_nav2/prefix_override:/usr/lib/python3/dist-packages/colcon_core/task/python/colcon_distutils_commands:/home/milan/edubot_ws/install/edubot_nav2/lib/python3.12/site-packages:${PYTHONPATH} /usr/bin/python3 -W ignore:setup.py install is deprecated -W ignore:easy_install command is deprecated setup.py egg_info --egg-base ../../build/edubot_nav2 build --build-base /home/milan/edubot_ws/build/edubot_nav2/build install --record /home/milan/edubot_ws/build/edubot_nav2/install.log --single-version-externally-managed install_data
[0.655s] running egg_info
[0.666s] writing ../../build/edubot_nav2/edubot_nav2.egg-info/PKG-INFO
[0.666s] writing dependency_links to ../../build/edubot_nav2/edubot_nav2.egg-info/dependency_links.txt
[0.666s] writing requirements to ../../build/edubot_nav2/edubot_nav2.egg-info/requires.txt
[0.666s] writing top-level names to ../../build/edubot_nav2/edubot_nav2.egg-info/top_level.txt
[0.690s] reading manifest file '../../build/edubot_nav2/edubot_nav2.egg-info/SOURCES.txt'
[0.690s] writing manifest file '../../build/edubot_nav2/edubot_nav2.egg-info/SOURCES.txt'
[0.690s] running build
[0.691s] running build_py
[0.691s] running install
[0.695s] running install_lib
[0.707s] running install_data
[0.708s] copying launch/nav2_test.launch.py -> /home/milan/edubot_ws/install/edubot_nav2/share/edubot_nav2
[0.708s] running install_egg_info
[0.720s] removing '/home/milan/edubot_ws/install/edubot_nav2/lib/python3.12/site-packages/edubot_nav2-0.0.0-py3.12.egg-info' (and everything under it)
[0.720s] Copying ../../build/edubot_nav2/edubot_nav2.egg-info to /home/milan/edubot_ws/install/edubot_nav2/lib/python3.12/site-packages/edubot_nav2-0.0.0-py3.12.egg-info
[0.721s] running install_scripts
[0.799s] writing list of installed files to '/home/milan/edubot_ws/build/edubot_nav2/install.log'
[0.816s] Invoked command in '/home/milan/edubot_ws/src/edubot_nav2' returned '0': DEBUGINFOD_URLS=https://debuginfod.ubuntu.com PYTHONPATH=/home/milan/edubot_ws/build/edubot_nav2/prefix_override:/usr/lib/python3/dist-packages/colcon_core/task/python/colcon_distutils_commands:/home/milan/edubot_ws/install/edubot_nav2/lib/python3.12/site-packages:${PYTHONPATH} /usr/bin/python3 -W ignore:setup.py install is deprecated -W ignore:easy_install command is deprecated setup.py egg_info --egg-base ../../build/edubot_nav2 build --build-base /home/milan/edubot_ws/build/edubot_nav2/build install --record /home/milan/edubot_ws/build/edubot_nav2/install.log --single-version-externally-managed install_data
