[0.937s] Invoking command in '/home/milan/edubot_ws/src/edubot_nav2': DEBUGINFOD_URLS=https://debuginfod.ubuntu.com PYTHONPATH=/home/milan/edubot_ws/build/edubot_nav2/prefix_override:/usr/lib/python3/dist-packages/colcon_core/task/python/colcon_distutils_commands:/home/milan/edubot_ws/install/edubot_nav2/lib/python3.12/site-packages:${PYTHONPATH} /usr/bin/python3 -W ignore:setup.py install is deprecated -W ignore:easy_install command is deprecated setup.py egg_info --egg-base ../../build/edubot_nav2 build --build-base /home/milan/edubot_ws/build/edubot_nav2/build install --record /home/milan/edubot_ws/build/edubot_nav2/install.log --single-version-externally-managed install_data
[1.231s] running egg_info
[1.251s] writing ../../build/edubot_nav2/edubot_nav2.egg-info/PKG-INFO
[1.251s] writing dependency_links to ../../build/edubot_nav2/edubot_nav2.egg-info/dependency_links.txt
[1.251s] writing requirements to ../../build/edubot_nav2/edubot_nav2.egg-info/requires.txt
[1.251s] writing top-level names to ../../build/edubot_nav2/edubot_nav2.egg-info/top_level.txt
[1.292s] reading manifest file '../../build/edubot_nav2/edubot_nav2.egg-info/SOURCES.txt'
[1.292s] writing manifest file '../../build/edubot_nav2/edubot_nav2.egg-info/SOURCES.txt'
[1.293s] running build
[1.293s] running build_py
[1.293s] running install
[1.300s] running install_lib
[1.321s] running install_data
[1.321s] copying launch/nav2_test.launch.py -> /home/milan/edubot_ws/install/edubot_nav2/share/edubot_nav2
[1.321s] running install_egg_info
[1.342s] removing '/home/milan/edubot_ws/install/edubot_nav2/lib/python3.12/site-packages/edubot_nav2-0.0.0-py3.12.egg-info' (and everything under it)
[1.342s] Copying ../../build/edubot_nav2/edubot_nav2.egg-info to /home/milan/edubot_ws/install/edubot_nav2/lib/python3.12/site-packages/edubot_nav2-0.0.0-py3.12.egg-info
[1.343s] running install_scripts
[1.481s] writing list of installed files to '/home/milan/edubot_ws/build/edubot_nav2/install.log'
[1.511s] Invoked command in '/home/milan/edubot_ws/src/edubot_nav2' returned '0': DEBUGINFOD_URLS=https://debuginfod.ubuntu.com PYTHONPATH=/home/milan/edubot_ws/build/edubot_nav2/prefix_override:/usr/lib/python3/dist-packages/colcon_core/task/python/colcon_distutils_commands:/home/milan/edubot_ws/install/edubot_nav2/lib/python3.12/site-packages:${PYTHONPATH} /usr/bin/python3 -W ignore:setup.py install is deprecated -W ignore:easy_install command is deprecated setup.py egg_info --egg-base ../../build/edubot_nav2 build --build-base /home/milan/edubot_ws/build/edubot_nav2/build install --record /home/milan/edubot_ws/build/edubot_nav2/install.log --single-version-externally-managed install_data
