[0.503s] Invoking command in '/home/milan/edubot_ws/src/edubot_nav2': DEBUGINFOD_URLS=https://debuginfod.ubuntu.com PYTHONPATH=/home/milan/edubot_ws/build/edubot_nav2/prefix_override:/usr/lib/python3/dist-packages/colcon_core/task/python/colcon_distutils_commands:/home/milan/edubot_ws/install/edubot_nav2/lib/python3.12/site-packages:${PYTHONPATH} /usr/bin/python3 -W ignore:setup.py install is deprecated -W ignore:easy_install command is deprecated setup.py egg_info --egg-base ../../build/edubot_nav2 build --build-base /home/milan/edubot_ws/build/edubot_nav2/build install --record /home/milan/edubot_ws/build/edubot_nav2/install.log --single-version-externally-managed install_data
[0.657s] running egg_info
[0.657s] creating ../../build/edubot_nav2/edubot_nav2.egg-info
[0.668s] writing ../../build/edubot_nav2/edubot_nav2.egg-info/PKG-INFO
[0.668s] writing dependency_links to ../../build/edubot_nav2/edubot_nav2.egg-info/dependency_links.txt
[0.668s] writing requirements to ../../build/edubot_nav2/edubot_nav2.egg-info/requires.txt
[0.668s] writing top-level names to ../../build/edubot_nav2/edubot_nav2.egg-info/top_level.txt
[0.668s] writing manifest file '../../build/edubot_nav2/edubot_nav2.egg-info/SOURCES.txt'
[0.688s] reading manifest file '../../build/edubot_nav2/edubot_nav2.egg-info/SOURCES.txt'
[0.688s] writing manifest file '../../build/edubot_nav2/edubot_nav2.egg-info/SOURCES.txt'
[0.689s] running build
[0.689s] running build_py
[0.689s] creating /home/milan/edubot_ws/build/edubot_nav2/build
[0.689s] creating /home/milan/edubot_ws/build/edubot_nav2/build/lib
[0.689s] creating /home/milan/edubot_ws/build/edubot_nav2/build/lib/edubot_nav2
[0.689s] copying edubot_nav2/__init__.py -> /home/milan/edubot_ws/build/edubot_nav2/build/lib/edubot_nav2
[0.689s] running install
[0.693s] running install_lib
[0.703s] creating /home/milan/edubot_ws/install/edubot_nav2/lib/python3.12/site-packages/edubot_nav2
[0.703s] copying /home/milan/edubot_ws/build/edubot_nav2/build/lib/edubot_nav2/__init__.py -> /home/milan/edubot_ws/install/edubot_nav2/lib/python3.12/site-packages/edubot_nav2
[0.703s] byte-compiling /home/milan/edubot_ws/install/edubot_nav2/lib/python3.12/site-packages/edubot_nav2/__init__.py to __init__.cpython-312.pyc
[0.703s] running install_data
[0.704s] creating /home/milan/edubot_ws/install/edubot_nav2/share/ament_index
[0.704s] creating /home/milan/edubot_ws/install/edubot_nav2/share/ament_index/resource_index
[0.704s] creating /home/milan/edubot_ws/install/edubot_nav2/share/ament_index/resource_index/packages
[0.704s] copying resource/edubot_nav2 -> /home/milan/edubot_ws/install/edubot_nav2/share/ament_index/resource_index/packages
[0.704s] copying package.xml -> /home/milan/edubot_ws/install/edubot_nav2/share/edubot_nav2
[0.704s] running install_egg_info
[0.715s] Copying ../../build/edubot_nav2/edubot_nav2.egg-info to /home/milan/edubot_ws/install/edubot_nav2/lib/python3.12/site-packages/edubot_nav2-0.0.0-py3.12.egg-info
[0.715s] running install_scripts
[0.786s] writing list of installed files to '/home/milan/edubot_ws/build/edubot_nav2/install.log'
[0.802s] Invoked command in '/home/milan/edubot_ws/src/edubot_nav2' returned '0': DEBUGINFOD_URLS=https://debuginfod.ubuntu.com PYTHONPATH=/home/milan/edubot_ws/build/edubot_nav2/prefix_override:/usr/lib/python3/dist-packages/colcon_core/task/python/colcon_distutils_commands:/home/milan/edubot_ws/install/edubot_nav2/lib/python3.12/site-packages:${PYTHONPATH} /usr/bin/python3 -W ignore:setup.py install is deprecated -W ignore:easy_install command is deprecated setup.py egg_info --egg-base ../../build/edubot_nav2 build --build-base /home/milan/edubot_ws/build/edubot_nav2/build install --record /home/milan/edubot_ws/build/edubot_nav2/install.log --single-version-externally-managed install_data
